0 verbose cli /sw/qubientai/local/nodejs/bin/node /sw/qubientai/local/nodejs/bin/npm
1 info using npm@10.5.0
2 info using node@v18.20.0
3 timing npm:load:whichnode Completed in 6ms
4 timing config:load:defaults Completed in 1ms
5 timing config:load:file:/sw/qubientai/local/nodejs/lib/node_modules/npm/npmrc Completed in 7ms
6 timing config:load:builtin Completed in 7ms
7 timing config:load:cli Completed in 2ms
8 timing config:load:env Completed in 0ms
9 timing config:load:project Completed in 0ms
10 timing config:load:file:/sw/qubientai/.npmrc Completed in 0ms
11 timing config:load:user Completed in 0ms
12 timing config:load:file:/sw/qubientai/local/nodejs/etc/npmrc Completed in 0ms
13 timing config:load:global Completed in 0ms
14 timing config:load:setEnvs Completed in 0ms
15 timing config:load Completed in 11ms
16 timing npm:load:configload Completed in 11ms
17 timing config:load:flatten Completed in 1ms
18 timing npm:load:mkdirpcache Completed in 0ms
19 timing npm:load:mkdirplogs Completed in 1ms
20 verbose title npm
21 verbose argv "--version"
22 timing npm:load:setTitle Completed in 0ms
23 timing npm:load:display Completed in 0ms
24 verbose logfile logs-max:10 dir:/sw/qubientai/.npm/_logs/2025-11-27T07_12_11_310Z-
25 verbose logfile /sw/qubientai/.npm/_logs/2025-11-27T07_12_11_310Z-debug-0.log
26 timing npm:load:logFile Completed in 62ms
27 timing npm:load:timers Completed in 0ms
28 timing npm:load:configScope Completed in 0ms
29 timing npm:load Completed in 88ms
30 verbose exit 0
31 timing npm Completed in 91ms
32 info ok
