0 verbose cli /sw/qubientai/local/nodejs/bin/node /sw/qubientai/local/nodejs/bin/npm
1 info using npm@10.5.0
2 info using node@v18.20.0
3 timing npm:load:whichnode Completed in 32ms
4 timing config:load:defaults Completed in 2ms
5 timing config:load:file:/sw/qubientai/local/nodejs/lib/node_modules/npm/npmrc Completed in 28ms
6 timing config:load:builtin Completed in 28ms
7 timing config:load:cli Completed in 1ms
8 timing config:load:env Completed in 0ms
9 timing config:load:file:/sw/qubientai/chat-frontend/.npmrc Completed in 11ms
10 timing config:load:project Completed in 77ms
11 timing config:load:file:/sw/qubientai/.npmrc Completed in 0ms
12 timing config:load:user Completed in 0ms
13 timing config:load:file:/sw/qubientai/local/nodejs/etc/npmrc Completed in 1ms
14 timing config:load:global Completed in 1ms
15 timing config:load:setEnvs Completed in 0ms
16 timing config:load Completed in 109ms
17 timing npm:load:configload Completed in 109ms
18 timing config:load:flatten Completed in 1ms
19 timing npm:load:mkdirpcache Completed in 12ms
20 timing npm:load:mkdirplogs Completed in 1ms
21 verbose title npm start
22 verbose argv "start"
23 timing npm:load:setTitle Completed in 0ms
24 timing npm:load:display Completed in 0ms
25 verbose logfile logs-max:10 dir:/sw/qubientai/.npm/_logs/2025-11-27T06_14_33_124Z-
26 verbose logfile /sw/qubientai/.npm/_logs/2025-11-27T06_14_33_124Z-debug-0.log
27 timing npm:load:logFile Completed in 87ms
28 timing npm:load:timers Completed in 0ms
29 timing npm:load:configScope Completed in 0ms
30 timing npm:load Completed in 278ms
31 silly logfile done cleaning log files
32 http fetch GET 200 https://registry.npmjs.org/npm 166ms
33 http fetch GET 200 https://registry.npmjs.org/npm 199ms
34 timing command:run-script Completed in 104449ms
35 timing command:start Completed in 104763ms
36 notice
36 notice New major version of npm available! 10.5.0 -> 11.6.4
36 notice Changelog: <https://github.com/npm/cli/releases/tag/v11.6.4>
36 notice Run `npm install -g npm@11.6.4` to update!
36 notice
37 verbose exit 0
38 timing npm Completed in 105812ms
39 info ok
